<?xml version="1.0" encoding="UTF-8"?>
<testsuite xmlns:xsi="http://www.w3.org/2001/XMLSchema-instance" xsi:noNamespaceSchemaLocation="https://maven.apache.org/surefire/maven-surefire-plugin/xsd/surefire-test-report.xsd" name="com.comviva.interop.txnengine.service.test.P2POffUsTransactionHPSHandlerMockTest" time="0.135" tests="5" errors="0" skipped="0" failures="0">
  <properties>
[...]
</properties>
  <testcase name="verifyP2POffUsTransactionHPSHandlerWithEmptyResponseCode" classname="com.comviva.interop.txnengine.service.test.P2POffUsTransactionHPSHandlerMockTest" time="0.012"/>
  <testcase name="verifyP2POffUsTransactionHPSHandlerWithEIGTimeOutResponseCode" classname="com.comviva.interop.txnengine.service.test.P2POffUsTransactionHPSHandlerMockTest" time="0.032"/>
  <testcase name="verifyP2POffUsTransactionHPSHandlerWithRestClientException" classname="com.comviva.interop.txnengine.service.test.P2POffUsTransactionHPSHandlerMockTest" time="0"/>
  <testcase name="verifyP2POffUsTransactionHPSHandlerWithSuccessResponseCode" classname="com.comviva.interop.txnengine.service.test.P2POffUsTransactionHPSHandlerMockTest" time="0"/>
  <testcase name="verifyP2POffUsTransactionHPSHandlerWithEIGErrorResponseCode" classname="com.comviva.interop.txnengine.service.test.P2POffUsTransactionHPSHandlerMockTest" time="0"/>
</testsuite>